2026-04-05 15:39:00,452 - INFO - -----------knn----------------
2026-04-05 15:39:00,487 - INFO - [[691 345]
 [ 93 280]]
2026-04-05 15:39:00,487 - INFO - 0.6891412349183819
2026-04-05 15:39:00,492 - INFO -               precision    recall  f1-score   support

           0       0.88      0.67      0.76      1036
           1       0.45      0.75      0.56       373

    accuracy                           0.69      1409
   macro avg       0.66      0.71      0.66      1409
weighted avg       0.77      0.69      0.71      1409

2026-04-05 15:39:00,517 - INFO - -----------Naive Bayes----------------
2026-04-05 15:39:00,524 - INFO - [[625 411]
 [ 45 328]]
2026-04-05 15:39:00,525 - INFO - 0.6763662171753017
2026-04-05 15:39:00,531 - INFO -               precision    recall  f1-score   support

           0       0.93      0.60      0.73      1036
           1       0.44      0.88      0.59       373

    accuracy                           0.68      1409
   macro avg       0.69      0.74      0.66      1409
weighted avg       0.80      0.68      0.69      1409

2026-04-05 15:39:00,531 - INFO - -----------LR----------------
2026-04-05 15:39:00,551 - INFO - [[758 278]
 [ 66 307]]
2026-04-05 15:39:00,552 - INFO - 0.7558552164655784
2026-04-05 15:39:00,557 - INFO -               precision    recall  f1-score   support

           0       0.92      0.73      0.82      1036
           1       0.52      0.82      0.64       373

    accuracy                           0.76      1409
   macro avg       0.72      0.78      0.73      1409
weighted avg       0.82      0.76      0.77      1409

2026-04-05 15:39:00,557 - INFO - -----------dt----------------
2026-04-05 15:39:00,618 - INFO - [[808 228]
 [170 203]]
2026-04-05 15:39:00,619 - INFO - 0.7175301632363378
2026-04-05 15:39:00,625 - INFO -               precision    recall  f1-score   support

           0       0.83      0.78      0.80      1036
           1       0.47      0.54      0.50       373

    accuracy                           0.72      1409
   macro avg       0.65      0.66      0.65      1409
weighted avg       0.73      0.72      0.72      1409

2026-04-05 15:39:00,625 - INFO - -----------rf----------------
2026-04-05 15:39:00,734 - INFO - [[851 185]
 [150 223]]
2026-04-05 15:39:00,736 - INFO - 0.7622427253371186
2026-04-05 15:39:00,744 - INFO -               precision    recall  f1-score   support

           0       0.85      0.82      0.84      1036
           1       0.55      0.60      0.57       373

    accuracy                           0.76      1409
   macro avg       0.70      0.71      0.70      1409
weighted avg       0.77      0.76      0.77      1409

2026-04-05 15:39:00,746 - INFO - -----------adaboost----------------
2026-04-05 15:39:00,797 - INFO - [[748 288]
 [ 67 306]]
2026-04-05 15:39:00,798 - INFO - 0.7480482611781405
2026-04-05 15:39:00,803 - INFO -               precision    recall  f1-score   support

           0       0.92      0.72      0.81      1036
           1       0.52      0.82      0.63       373

    accuracy                           0.75      1409
   macro avg       0.72      0.77      0.72      1409
weighted avg       0.81      0.75      0.76      1409

2026-04-05 15:39:00,803 - INFO - -----------gradient boosting----------------
2026-04-05 15:39:00,865 - INFO - [[773 263]
 [ 75 298]]
2026-04-05 15:39:00,866 - INFO - 0.7601135557132718
2026-04-05 15:39:00,872 - INFO -               precision    recall  f1-score   support

           0       0.91      0.75      0.82      1036
           1       0.53      0.80      0.64       373

    accuracy                           0.76      1409
   macro avg       0.72      0.77      0.73      1409
weighted avg       0.81      0.76      0.77      1409

2026-04-05 15:39:00,872 - INFO - -----------xtreme GB----------------
2026-04-05 15:39:00,909 - INFO - [[806 230]
 [ 78 295]]
2026-04-05 15:39:00,910 - INFO - 0.7814052519517388
2026-04-05 15:39:00,916 - INFO -               precision    recall  f1-score   support

           0       0.91      0.78      0.84      1036
           1       0.56      0.79      0.66       373

    accuracy                           0.78      1409
   macro avg       0.74      0.78      0.75      1409
weighted avg       0.82      0.78      0.79      1409

2026-04-05 15:39:00,917 - INFO - ------------AUC and ROC-----------------
