2026-04-05 15:38:58,941 - INFO - Before applying categorical_to_numeric the X_train categorical columns are: Index(['customerID', 'gender', 'Partner', 'Dependents', 'PhoneService',
       'MultipleLines', 'InternetService', 'OnlineSecurity', 'OnlineBackup',
       'DeviceProtection', 'TechSupport', 'StreamingTV', 'StreamingMovies',
       'Contract', 'PaperlessBilling', 'PaymentMethod', 'telecom_partner'],
      dtype='str') and shape is : (5634, 17)
2026-04-05 15:38:58,941 - INFO - Before applying categorical_to_numeric the X_test categorical columns are: Index(['customerID', 'gender', 'Partner', 'Dependents', 'PhoneService',
       'MultipleLines', 'InternetService', 'OnlineSecurity', 'OnlineBackup',
       'DeviceProtection', 'TechSupport', 'StreamingTV', 'StreamingMovies',
       'Contract', 'PaperlessBilling', 'PaymentMethod', 'telecom_partner'],
      dtype='str') and shape is : (1409, 17)
2026-04-05 15:38:58,942 - INFO - The CustomerId column will be dropped from the categorical columns
2026-04-05 15:38:58,942 - INFO - since The gender, partner and  Dependents are Nominal Columns. therefore OneHotEncoder will be applied 
2026-04-05 15:38:58,970 - INFO - After applying One hot Encoding the X_train columns are: Index(['Contract', 'gender_Male', 'Partner_Yes', 'Dependents_Yes',
       'PhoneService_Yes', 'MultipleLines_No phone service',
       'MultipleLines_Yes', 'InternetService_Fiber optic',
       'InternetService_No', 'OnlineSecurity_No internet service',
       'OnlineSecurity_Yes', 'OnlineBackup_No internet service',
       'OnlineBackup_Yes', 'DeviceProtection_No internet service',
       'DeviceProtection_Yes', 'TechSupport_No internet service',
       'TechSupport_Yes', 'StreamingTV_No internet service', 'StreamingTV_Yes',
       'StreamingMovies_No internet service', 'StreamingMovies_Yes',
       'PaperlessBilling_Yes', 'PaymentMethod_Credit card (automatic)',
       'PaymentMethod_Electronic check', 'PaymentMethod_Mailed check',
       'telecom_partner_BSNL', 'telecom_partner_Reliance Jio',
       'telecom_partner_VI-Idea'],
      dtype='str') and shape : (5634, 28)
2026-04-05 15:38:58,971 - INFO - After applying One Hot Encoding the X_test columns are: Index(['Contract', 'gender_Male', 'Partner_Yes', 'Dependents_Yes',
       'PhoneService_Yes', 'MultipleLines_No phone service',
       'MultipleLines_Yes', 'InternetService_Fiber optic',
       'InternetService_No', 'OnlineSecurity_No internet service',
       'OnlineSecurity_Yes', 'OnlineBackup_No internet service',
       'OnlineBackup_Yes', 'DeviceProtection_No internet service',
       'DeviceProtection_Yes', 'TechSupport_No internet service',
       'TechSupport_Yes', 'StreamingTV_No internet service', 'StreamingTV_Yes',
       'StreamingMovies_No internet service', 'StreamingMovies_Yes',
       'PaperlessBilling_Yes', 'PaymentMethod_Credit card (automatic)',
       'PaymentMethod_Electronic check', 'PaymentMethod_Mailed check',
       'telecom_partner_BSNL', 'telecom_partner_Reliance Jio',
       'telecom_partner_VI-Idea'],
      dtype='str') and shape : (1409, 28)
2026-04-05 15:38:58,971 - INFO - Before applying Ordinal technique----------------------------------------------------------
2026-04-05 15:38:58,974 - INFO - After applying Ordinal Encoding the X_train columns are: Index(['gender_Male', 'Partner_Yes', 'Dependents_Yes', 'PhoneService_Yes',
       'MultipleLines_No phone service', 'MultipleLines_Yes',
       'InternetService_Fiber optic', 'InternetService_No',
       'OnlineSecurity_No internet service', 'OnlineSecurity_Yes',
       'OnlineBackup_No internet service', 'OnlineBackup_Yes',
       'DeviceProtection_No internet service', 'DeviceProtection_Yes',
       'TechSupport_No internet service', 'TechSupport_Yes',
       'StreamingTV_No internet service', 'StreamingTV_Yes',
       'StreamingMovies_No internet service', 'StreamingMovies_Yes',
       'PaperlessBilling_Yes', 'PaymentMethod_Credit card (automatic)',
       'PaymentMethod_Electronic check', 'PaymentMethod_Mailed check',
       'telecom_partner_BSNL', 'telecom_partner_Reliance Jio',
       'telecom_partner_VI-Idea', 'Contract_od'],
      dtype='str') and shape : (5634, 28)
2026-04-05 15:38:58,974 - INFO - After applying Ordinal Encoding the X_test columns are: Index(['gender_Male', 'Partner_Yes', 'Dependents_Yes', 'PhoneService_Yes',
       'MultipleLines_No phone service', 'MultipleLines_Yes',
       'InternetService_Fiber optic', 'InternetService_No',
       'OnlineSecurity_No internet service', 'OnlineSecurity_Yes',
       'OnlineBackup_No internet service', 'OnlineBackup_Yes',
       'DeviceProtection_No internet service', 'DeviceProtection_Yes',
       'TechSupport_No internet service', 'TechSupport_Yes',
       'StreamingTV_No internet service', 'StreamingTV_Yes',
       'StreamingMovies_No internet service', 'StreamingMovies_Yes',
       'PaperlessBilling_Yes', 'PaymentMethod_Credit card (automatic)',
       'PaymentMethod_Electronic check', 'PaymentMethod_Mailed check',
       'telecom_partner_BSNL', 'telecom_partner_Reliance Jio',
       'telecom_partner_VI-Idea', 'Contract_od'],
      dtype='str') and shape : (1409, 28)
