2026-04-05 15:38:58,869 - INFO - Total data_size :(7043, 22)
2026-04-05 15:38:58,876 - INFO - Total null values :
customerID           0
gender               0
SeniorCitizen        0
Partner              0
Dependents           0
tenure               0
PhoneService         0
MultipleLines        0
InternetService      0
OnlineSecurity       0
OnlineBackup         0
DeviceProtection     0
TechSupport          0
StreamingTV          0
StreamingMovies      0
Contract             0
PaperlessBilling     0
PaymentMethod        0
MonthlyCharges       0
TotalCharges        11
Churn                0
telecom_partner      0
dtype: int64
2026-04-05 15:38:58,880 - INFO - Train data size :5634:5634 
(5634, 21) : (5634,)
2026-04-05 15:38:58,880 - INFO - Test data size :1409:1409 
(1409, 21) : (1409,)
2026-04-05 15:38:58,885 - INFO - Before Handling NUll values X_train Column names and shape :(5634, 21) :Index(['customerID', 'gender', 'SeniorCitizen', 'Partner', 'Dependents',
       'tenure', 'PhoneService', 'MultipleLines', 'InternetService',
       'OnlineSecurity', 'OnlineBackup', 'DeviceProtection', 'TechSupport',
       'StreamingTV', 'StreamingMovies', 'Contract', 'PaperlessBilling',
       'PaymentMethod', 'MonthlyCharges', 'TotalCharges', 'telecom_partner'],
      dtype='str') 
customerID           0
gender               0
SeniorCitizen        0
Partner              0
Dependents           0
tenure               0
PhoneService         0
MultipleLines        0
InternetService      0
OnlineSecurity       0
OnlineBackup         0
DeviceProtection     0
TechSupport          0
StreamingTV          0
StreamingMovies      0
Contract             0
PaperlessBilling     0
PaymentMethod        0
MonthlyCharges       0
TotalCharges        10
telecom_partner      0
dtype: int64
2026-04-05 15:38:58,886 - INFO - Before Handling null values X_test column names and shape : (1409, 21) : Index(['customerID', 'gender', 'SeniorCitizen', 'Partner', 'Dependents',
       'tenure', 'PhoneService', 'MultipleLines', 'InternetService',
       'OnlineSecurity', 'OnlineBackup', 'DeviceProtection', 'TechSupport',
       'StreamingTV', 'StreamingMovies', 'Contract', 'PaperlessBilling',
       'PaymentMethod', 'MonthlyCharges', 'TotalCharges', 'telecom_partner'],
      dtype='str') 
customerID          0
gender              0
SeniorCitizen       0
Partner             0
Dependents          0
tenure              0
PhoneService        0
MultipleLines       0
InternetService     0
OnlineSecurity      0
OnlineBackup        0
DeviceProtection    0
TechSupport         0
StreamingTV         0
StreamingMovies     0
Contract            0
PaperlessBilling    0
PaymentMethod       0
MonthlyCharges      0
TotalCharges        1
telecom_partner     0
dtype: int64
2026-04-05 15:38:58,890 - INFO - TotalCharges : float64
2026-04-05 15:38:58,904 - INFO - After Handling NUll values X_train Column names and shape :(5634, 21) :Index(['customerID', 'gender', 'SeniorCitizen', 'Partner', 'Dependents',
       'tenure', 'PhoneService', 'MultipleLines', 'InternetService',
       'OnlineSecurity', 'OnlineBackup', 'DeviceProtection', 'TechSupport',
       'StreamingTV', 'StreamingMovies', 'Contract', 'PaperlessBilling',
       'PaymentMethod', 'MonthlyCharges', 'telecom_partner',
       'TotalCharges_mode'],
      dtype='str') 
customerID           0
gender               0
SeniorCitizen        0
Partner              0
Dependents           0
tenure               0
PhoneService         0
MultipleLines        0
InternetService      0
OnlineSecurity       0
OnlineBackup         0
DeviceProtection     0
TechSupport          0
StreamingTV          0
StreamingMovies      0
Contract             0
PaperlessBilling     0
PaymentMethod        0
MonthlyCharges       0
telecom_partner      0
TotalCharges_mode    0
dtype: int64
2026-04-05 15:38:58,906 - INFO - After Handling null values X_test column names and shape : (1409, 21) : Index(['customerID', 'gender', 'SeniorCitizen', 'Partner', 'Dependents',
       'tenure', 'PhoneService', 'MultipleLines', 'InternetService',
       'OnlineSecurity', 'OnlineBackup', 'DeviceProtection', 'TechSupport',
       'StreamingTV', 'StreamingMovies', 'Contract', 'PaperlessBilling',
       'PaymentMethod', 'MonthlyCharges', 'telecom_partner',
       'TotalCharges_mode'],
      dtype='str') 
customerID           0
gender               0
SeniorCitizen        0
Partner              0
Dependents           0
tenure               0
PhoneService         0
MultipleLines        0
InternetService      0
OnlineSecurity       0
OnlineBackup         0
DeviceProtection     0
TechSupport          0
StreamingTV          0
StreamingMovies      0
Contract             0
PaperlessBilling     0
PaymentMethod        0
MonthlyCharges       0
telecom_partner      0
TotalCharges_mode    0
dtype: int64
2026-04-05 15:38:58,907 - INFO - X_train_num_cols = Index(['SeniorCitizen', 'tenure', 'MonthlyCharges', 'TotalCharges_mode'], dtype='str') : (5634, 4)
2026-04-05 15:38:58,907 - INFO - X_test_num_cols = Index(['SeniorCitizen', 'tenure', 'MonthlyCharges', 'TotalCharges_mode'], dtype='str') : (1409, 4)
2026-04-05 15:38:58,907 - INFO - X_train_cat_cols = Index(['customerID', 'gender', 'Partner', 'Dependents', 'PhoneService',
       'MultipleLines', 'InternetService', 'OnlineSecurity', 'OnlineBackup',
       'DeviceProtection', 'TechSupport', 'StreamingTV', 'StreamingMovies',
       'Contract', 'PaperlessBilling', 'PaymentMethod', 'telecom_partner'],
      dtype='str') : (5634, 17)
2026-04-05 15:38:58,907 - INFO - X_test_cat_cols = Index(['customerID', 'gender', 'Partner', 'Dependents', 'PhoneService',
       'MultipleLines', 'InternetService', 'OnlineSecurity', 'OnlineBackup',
       'DeviceProtection', 'TechSupport', 'StreamingTV', 'StreamingMovies',
       'Contract', 'PaperlessBilling', 'PaymentMethod', 'telecom_partner'],
      dtype='str') : (1409, 17)
2026-04-05 15:38:58,907 - INFO - Before Train Column Name : Index(['SeniorCitizen', 'tenure', 'MonthlyCharges', 'TotalCharges_mode'], dtype='str')
2026-04-05 15:38:58,907 - INFO - Before Test Column Name : Index(['SeniorCitizen', 'tenure', 'MonthlyCharges', 'TotalCharges_mode'], dtype='str')
2026-04-05 15:38:58,937 - INFO - After Train Column Name : Index(['SeniorCitizen_trim', 'tenure_trim', 'MonthlyCharges_trim',
       'TotalCharges_mode_trim'],
      dtype='str')
2026-04-05 15:38:58,937 - INFO - After Test Column Name : Index(['SeniorCitizen_trim', 'tenure_trim', 'MonthlyCharges_trim',
       'TotalCharges_mode_trim'],
      dtype='str')
2026-04-05 15:38:58,974 - INFO - ===========================================================
2026-04-05 15:38:58,974 - INFO - Final Trainining data : (5634, 31)
2026-04-05 15:38:58,975 - INFO - Index(['tenure_trim', 'MonthlyCharges_trim', 'TotalCharges_mode_trim',
       'gender_Male', 'Partner_Yes', 'Dependents_Yes', 'PhoneService_Yes',
       'MultipleLines_No phone service', 'MultipleLines_Yes',
       'InternetService_Fiber optic', 'InternetService_No',
       'OnlineSecurity_No internet service', 'OnlineSecurity_Yes',
       'OnlineBackup_No internet service', 'OnlineBackup_Yes',
       'DeviceProtection_No internet service', 'DeviceProtection_Yes',
       'TechSupport_No internet service', 'TechSupport_Yes',
       'StreamingTV_No internet service', 'StreamingTV_Yes',
       'StreamingMovies_No internet service', 'StreamingMovies_Yes',
       'PaperlessBilling_Yes', 'PaymentMethod_Credit card (automatic)',
       'PaymentMethod_Electronic check', 'PaymentMethod_Mailed check',
       'telecom_partner_BSNL', 'telecom_partner_Reliance Jio',
       'telecom_partner_VI-Idea', 'Contract_od'],
      dtype='str')
2026-04-05 15:38:58,976 - INFO - tenure_trim                              0
MonthlyCharges_trim                      0
TotalCharges_mode_trim                   0
gender_Male                              0
Partner_Yes                              0
Dependents_Yes                           0
PhoneService_Yes                         0
MultipleLines_No phone service           0
MultipleLines_Yes                        0
InternetService_Fiber optic              0
InternetService_No                       0
OnlineSecurity_No internet service       0
OnlineSecurity_Yes                       0
OnlineBackup_No internet service         0
OnlineBackup_Yes                         0
DeviceProtection_No internet service     0
DeviceProtection_Yes                     0
TechSupport_No internet service          0
TechSupport_Yes                          0
StreamingTV_No internet service          0
StreamingTV_Yes                          0
StreamingMovies_No internet service      0
StreamingMovies_Yes                      0
PaperlessBilling_Yes                     0
PaymentMethod_Credit card (automatic)    0
PaymentMethod_Electronic check           0
PaymentMethod_Mailed check               0
telecom_partner_BSNL                     0
telecom_partner_Reliance Jio             0
telecom_partner_VI-Idea                  0
Contract_od                              0
dtype: int64
2026-04-05 15:38:58,976 - INFO - Final Testing data : (1409, 31)
2026-04-05 15:38:58,976 - INFO - Index(['tenure_trim', 'MonthlyCharges_trim', 'TotalCharges_mode_trim',
       'gender_Male', 'Partner_Yes', 'Dependents_Yes', 'PhoneService_Yes',
       'MultipleLines_No phone service', 'MultipleLines_Yes',
       'InternetService_Fiber optic', 'InternetService_No',
       'OnlineSecurity_No internet service', 'OnlineSecurity_Yes',
       'OnlineBackup_No internet service', 'OnlineBackup_Yes',
       'DeviceProtection_No internet service', 'DeviceProtection_Yes',
       'TechSupport_No internet service', 'TechSupport_Yes',
       'StreamingTV_No internet service', 'StreamingTV_Yes',
       'StreamingMovies_No internet service', 'StreamingMovies_Yes',
       'PaperlessBilling_Yes', 'PaymentMethod_Credit card (automatic)',
       'PaymentMethod_Electronic check', 'PaymentMethod_Mailed check',
       'telecom_partner_BSNL', 'telecom_partner_Reliance Jio',
       'telecom_partner_VI-Idea', 'Contract_od'],
      dtype='str')
2026-04-05 15:38:58,977 - INFO - tenure_trim                              0
MonthlyCharges_trim                      0
TotalCharges_mode_trim                   0
gender_Male                              0
Partner_Yes                              0
Dependents_Yes                           0
PhoneService_Yes                         0
MultipleLines_No phone service           0
MultipleLines_Yes                        0
InternetService_Fiber optic              0
InternetService_No                       0
OnlineSecurity_No internet service       0
OnlineSecurity_Yes                       0
OnlineBackup_No internet service         0
OnlineBackup_Yes                         0
DeviceProtection_No internet service     0
DeviceProtection_Yes                     0
TechSupport_No internet service          0
TechSupport_Yes                          0
StreamingTV_No internet service          0
StreamingTV_Yes                          0
StreamingMovies_No internet service      0
StreamingMovies_Yes                      0
PaperlessBilling_Yes                     0
PaymentMethod_Credit card (automatic)    0
PaymentMethod_Electronic check           0
PaymentMethod_Mailed check               0
telecom_partner_BSNL                     0
telecom_partner_Reliance Jio             0
telecom_partner_VI-Idea                  0
Contract_od                              0
dtype: int64
2026-04-05 15:38:58,977 - INFO - Number of Rows for yes Customer 1 : 1496
2026-04-05 15:38:58,977 - INFO - Number of Rows for No Customer 0 : 4138
2026-04-05 15:38:58,977 - INFO - Training data size : (5634, 31)
2026-04-05 15:39:00,422 - INFO - Number of Rows for Good Customer 1 : 4138
2026-04-05 15:39:00,423 - INFO - Number of Rows for Bad Customer 0 : 4138
2026-04-05 15:39:00,423 - INFO - Training data size : (8276, 31)
